[debug] [2023-03-25T17:31:04.605Z] ----------------------------------------------------------------------
[debug] [2023-03-25T17:31:04.607Z] Command:       C:\Program Files\nodejs\node.exe C:\Users\kiran\AppData\Roaming\npm\node_modules\firebase-tools\lib\bin\firebase.js init
[debug] [2023-03-25T17:31:04.608Z] CLI Version:   11.25.1
[debug] [2023-03-25T17:31:04.608Z] Platform:      win32
[debug] [2023-03-25T17:31:04.608Z] Node Version:  v18.12.1
[debug] [2023-03-25T17:31:04.609Z] Time:          Sat Mar 25 2023 23:01:04 GMT+0530 (India Standard Time)
[debug] [2023-03-25T17:31:04.609Z] ----------------------------------------------------------------------
[debug] 
[debug] [2023-03-25T17:31:04.689Z] > command requires scopes: ["email","openid","https://www.googleapis.com/auth/cloudplatformprojects.readonly","https://www.googleapis.com/auth/firebase","https://www.googleapis.com/auth/cloud-platform"]
[debug] [2023-03-25T17:31:04.689Z] > authorizing via signed-in user (kiranvellanki10@gmail.com)
[info] 
     ######## #### ########  ######## ########     ###     ######  ########
     ##        ##  ##     ## ##       ##     ##  ##   ##  ##       ##
     ######    ##  ########  ######   ########  #########  ######  ######
     ##        ##  ##    ##  ##       ##     ## ##     ##       ## ##
     ##       #### ##     ## ######## ########  ##     ##  ######  ########

You're about to initialize a Firebase project in this directory:

  C:\Users\kiran\OneDrive\Documents\Certificates

Before we get started, keep in mind:

  * You are initializing within an existing Firebase project directory

[info] 
=== Project Setup
[info] 
[info] First, let's associate this project directory with a Firebase project.
[info] You can create multiple project aliases by running firebase use --add, 
[info] but for now we'll just set up a default project.
[info] 
[debug] [2023-03-25T17:31:09.605Z] Using project from CLI flag: databaseexample-de4f7
[debug] [2023-03-25T17:31:09.609Z] >>> [apiv2][query] GET https://firebase.googleapis.com/v1beta1/projects/databaseexample-de4f7 [none]
[debug] [2023-03-25T17:31:10.332Z] <<< [apiv2][status] GET https://firebase.googleapis.com/v1beta1/projects/databaseexample-de4f7 200
[debug] [2023-03-25T17:31:10.333Z] <<< [apiv2][body] GET https://firebase.googleapis.com/v1beta1/projects/databaseexample-de4f7 {"projectId":"databaseexample-de4f7","projectNumber":"502310733142","displayName":"DatabaseExample","name":"projects/databaseexample-de4f7","resources":{"hostingSite":"databaseexample-de4f7","realtimeDatabaseInstance":"databaseexample-de4f7-default-rtdb"},"state":"ACTIVE","etag":"1_420375f0-2758-4b6a-930a-f624f8de85b9"}
[info] i  Using project databaseexample-de4f7 (DatabaseExample) 
[info] 
=== Database Setup
[info] i  database: ensuring required API firebasedatabase.googleapis.com is enabled... 
[debug] [2023-03-25T17:31:10.344Z] >>> [apiv2][query] GET https://serviceusage.googleapis.com/v1/projects/databaseexample-de4f7/services/firebasedatabase.googleapis.com [none]
[debug] [2023-03-25T17:31:10.344Z] >>> [apiv2][(partial)header] GET https://serviceusage.googleapis.com/v1/projects/databaseexample-de4f7/services/firebasedatabase.googleapis.com x-goog-quota-user=projects/databaseexample-de4f7
[debug] [2023-03-25T17:31:11.941Z] <<< [apiv2][status] GET https://serviceusage.googleapis.com/v1/projects/databaseexample-de4f7/services/firebasedatabase.googleapis.com 200
[debug] [2023-03-25T17:31:11.941Z] <<< [apiv2][body] GET https://serviceusage.googleapis.com/v1/projects/databaseexample-de4f7/services/firebasedatabase.googleapis.com [omitted]
[info] +  database: required API firebasedatabase.googleapis.com is enabled 
[info] 
[debug] [2023-03-25T17:31:11.943Z] >>> [apiv2][query] GET https://firebasedatabase.googleapis.com/v1beta/projects/databaseexample-de4f7/locations/-/instances/databaseexample-de4f7-default-rtdb [none]
[debug] [2023-03-25T17:31:12.396Z] <<< [apiv2][status] GET https://firebasedatabase.googleapis.com/v1beta/projects/databaseexample-de4f7/locations/-/instances/databaseexample-de4f7-default-rtdb 200
[debug] [2023-03-25T17:31:12.396Z] <<< [apiv2][body] GET https://firebasedatabase.googleapis.com/v1beta/projects/databaseexample-de4f7/locations/-/instances/databaseexample-de4f7-default-rtdb {"name":"projects/502310733142/locations/asia-southeast1/instances/databaseexample-de4f7-default-rtdb","project":"projects/502310733142","databaseUrl":"https://databaseexample-de4f7-default-rtdb.asia-southeast1.firebasedatabase.app","type":"DEFAULT_DATABASE","state":"ACTIVE"}
[info] 
[info] Firebase Realtime Database Security Rules allow you to define how your data should be
[info] structured and when your data can be read from and written to.
[info] 
[debug] [2023-03-25T17:31:12.400Z] >>> [apiv2][query] GET https://databaseexample-de4f7-default-rtdb.asia-southeast1.firebasedatabase.app/.settings/rules.json [none]
[debug] [2023-03-25T17:31:12.556Z] <<< [apiv2][status] GET https://databaseexample-de4f7-default-rtdb.asia-southeast1.firebasedatabase.app/.settings/rules.json 200
[debug] [2023-03-25T17:31:12.556Z] <<< [apiv2][body] GET https://databaseexample-de4f7-default-rtdb.asia-southeast1.firebasedatabase.app/.settings/rules.json [stream]
[info] +  Database Rules for databaseexample-de4f7-default-rtdb have been written to database.rules.json. 
[info] Future modifications to database.rules.json will update Realtime Database Security Rules when you run
[info] firebase deploy.
[info] 
=== Hosting Setup
[info] 
[info] Your public directory is the folder (relative to your project directory) that
[info] will contain Hosting assets to be uploaded with firebase deploy. If you
[info] have a build process for your assets, use your build's output directory.
[info] 
[debug] [2023-03-25T17:32:05.127Z] ----------------------------------------------------------------------
[debug] [2023-03-25T17:32:05.129Z] Command:       C:\Program Files\nodejs\node.exe C:\Users\kiran\AppData\Roaming\npm\node_modules\firebase-tools\lib\bin\firebase.js init
[debug] [2023-03-25T17:32:05.129Z] CLI Version:   11.25.1
[debug] [2023-03-25T17:32:05.130Z] Platform:      win32
[debug] [2023-03-25T17:32:05.130Z] Node Version:  v18.12.1
[debug] [2023-03-25T17:32:05.131Z] Time:          Sat Mar 25 2023 23:02:05 GMT+0530 (India Standard Time)
[debug] [2023-03-25T17:32:05.131Z] ----------------------------------------------------------------------
[debug] 
[debug] [2023-03-25T17:32:05.212Z] > command requires scopes: ["email","openid","https://www.googleapis.com/auth/cloudplatformprojects.readonly","https://www.googleapis.com/auth/firebase","https://www.googleapis.com/auth/cloud-platform"]
[debug] [2023-03-25T17:32:05.212Z] > authorizing via signed-in user (kiranvellanki10@gmail.com)
[info] 
     ######## #### ########  ######## ########     ###     ######  ########
     ##        ##  ##     ## ##       ##     ##  ##   ##  ##       ##
     ######    ##  ########  ######   ########  #########  ######  ######
     ##        ##  ##    ##  ##       ##     ## ##     ##       ## ##
     ##       #### ##     ## ######## ########  ##     ##  ######  ########

You're about to initialize a Firebase project in this directory:

  C:\Users\kiran\OneDrive\Documents\Certificates

Before we get started, keep in mind:

  * You are initializing within an existing Firebase project directory

